[11-Jun-2025 10:12:48 UTC] [info] User Deprecated: Since api-platform/core 3.4: Injecting the "ApiPlatform\JsonSchema\TypeFactoryInterface" inside "ApiPlatform\JsonSchema\SchemaFactory" is deprecated and "ApiPlatform\JsonSchema\TypeFactoryInterface" will be removed in 4.x.
[11-Jun-2025 10:12:48 UTC] [debug] Notified event "kernel.request" to listener "Symfony\Component\HttpKernel\EventListener\DebugHandlersListener::configure".
[11-Jun-2025 10:12:48 UTC] [debug] Notified event "kernel.request" to listener "Symfony\Component\HttpKernel\EventListener\ValidateRequestListener::onKernelRequest".
[11-Jun-2025 10:12:48 UTC] [debug] Notified event "kernel.request" to listener "Nelmio\CorsBundle\EventListener\CorsListener::onKernelRequest".
[11-Jun-2025 10:12:48 UTC] [debug] Notified event "kernel.request" to listener "Symfony\Component\HttpKernel\EventListener\SessionListener::onKernelRequest".
[11-Jun-2025 10:12:48 UTC] [debug] Notified event "kernel.request" to listener "Symfony\Component\HttpKernel\EventListener\LocaleListener::setDefaultLocale".
[11-Jun-2025 10:12:48 UTC] [debug] Notified event "kernel.request" to listener "Symfony\Component\HttpKernel\EventListener\RouterListener::onKernelRequest".
[11-Jun-2025 10:12:49 UTC] [error] Uncaught PHP Exception Symfony\Component\HttpKernel\Exception\NotFoundHttpException: "No route found for "GET http://localhost:8000/"" at RouterListener.php line 127
[11-Jun-2025 10:12:49 UTC] [debug] Notified event "kernel.exception" to listener "Symfony\Component\HttpKernel\EventListener\ErrorListener::logKernelException".
[11-Jun-2025 10:12:49 UTC] [debug] Notified event "kernel.exception" to listener "Symfony\Component\HttpKernel\EventListener\RouterListener::onKernelException".
[11-Jun-2025 10:12:49 UTC] [debug] Listener "Symfony\Component\HttpKernel\EventListener\RouterListener::onKernelException" stopped propagation of the event "kernel.exception".
[11-Jun-2025 10:12:49 UTC] [debug] Listener "ApiPlatform\Symfony\EventListener\ExceptionListener::onKernelException" was not called for event "kernel.exception".
[11-Jun-2025 10:12:49 UTC] [debug] Listener "Symfony\Component\HttpKernel\EventListener\ErrorListener::onKernelException" was not called for event "kernel.exception".
[11-Jun-2025 10:12:49 UTC] [debug] Notified event "kernel.response" to listener "Symfony\Component\Security\Http\Firewall\ContextListener::onKernelResponse".
[11-Jun-2025 10:12:49 UTC] [debug] Notified event "kernel.response" to listener "Symfony\Component\Security\Http\Firewall\ContextListener::onKernelResponse".
[11-Jun-2025 10:12:49 UTC] [debug] Notified event "kernel.response" to listener "Nelmio\CorsBundle\EventListener\CorsListener::onKernelResponse".
[11-Jun-2025 10:12:49 UTC] [debug] Notified event "kernel.response" to listener "Symfony\Component\HttpKernel\EventListener\ResponseListener::onKernelResponse".
[11-Jun-2025 10:12:49 UTC] [debug] Notified event "kernel.response" to listener "Symfony\Component\WebLink\EventListener\AddLinkHeaderListener::onKernelResponse".
[11-Jun-2025 10:12:49 UTC] [debug] Notified event "kernel.response" to listener "Symfony\Component\Mercure\EventSubscriber\SetCookieSubscriber::onKernelResponse".
[11-Jun-2025 10:12:49 UTC] [debug] Notified event "kernel.response" to listener "Nelmio\CorsBundle\EventListener\CacheableResponseVaryListener::onResponse".
[11-Jun-2025 10:12:49 UTC] [debug] Notified event "kernel.response" to listener "Symfony\Component\HttpKernel\EventListener\CacheAttributeListener::onKernelResponse".
[11-Jun-2025 10:12:49 UTC] [debug] Notified event "kernel.response" to listener "Symfony\Component\HttpKernel\EventListener\ErrorListener::removeCspHeader".
[11-Jun-2025 10:12:49 UTC] [debug] Notified event "kernel.response" to listener "Symfony\Component\HttpKernel\EventListener\DisallowRobotsIndexingListener::onResponse".
[11-Jun-2025 10:12:49 UTC] [debug] Notified event "kernel.response" to listener "Symfony\Component\HttpKernel\EventListener\SessionListener::onKernelResponse".
[11-Jun-2025 10:12:49 UTC] [debug] Notified event "kernel.finish_request" to listener "Symfony\Component\HttpKernel\EventListener\LocaleListener::onKernelFinishRequest".
[11-Jun-2025 10:12:49 UTC] [debug] Notified event "kernel.finish_request" to listener "Symfony\Component\HttpKernel\EventListener\RouterListener::onKernelFinishRequest".
[11-Jun-2025 10:12:49 UTC] [debug] Notified event "kernel.finish_request" to listener "Symfony\Bundle\SecurityBundle\Debug\TraceableFirewallListener::onKernelFinishRequest".
[11-Jun-2025 10:12:49 UTC] [debug] Notified event "kernel.finish_request" to listener "Symfony\Component\HttpKernel\EventListener\LocaleAwareListener::onKernelFinishRequest".
